<?xml version="1.0" encoding="UTF-8"?>
<!-- Generated by org.testng.reporters.JUnitXMLReporter -->
<testsuite hostname="jkabir" name="dependency Test" tests="4" failures="1" timestamp="4 Jun 2020 02:33:05 GMT" time="0.032" errors="0">
  <testcase name="douserReg" time="0.001" classname="testcases.TestCase3">
    <failure type="java.lang.AssertionError" message="user regis not successfull">
      <![CDATA[java.lang.AssertionError: user regis not successfull
	at testcases.TestCase3.douserReg(TestCase3.java:15)
... Removed 26 stack frames]]>
    </failure>
  </testcase> <!-- douserReg -->
  <testcase name="dologin" time="0.0" classname="testcases.TestCase3">
    <skipped/>
  </testcase> <!-- dologin -->
  <testcase name="thirdtest" time="0.002" classname="testcases.TestCase3"/>
  <testcase name="fourthtest" time="0.005" classname="testcases.TestCase3"/>
</testsuite> <!-- dependency Test -->
