<?xml version="1.0" encoding="UTF-8"?>
<!-- Generated by org.testng.reporters.JUnitXMLReporter -->
<testsuite hostname="jkabir" name="vaildate title Test" tests="1" failures="1" timestamp="4 Jun 2020 02:33:05 GMT" time="0.014" errors="0">
  <testcase name="validatetitle" time="0.008" classname="testcases.Testcase2">
    <failure type="java.lang.AssertionError">
      <![CDATA[java.lang.AssertionError: 
	at testcases.Testcase2.validatetitle(Testcase2.java:25)
... Removed 26 stack frames]]>
    </failure>
  </testcase> <!-- validatetitle -->
</testsuite> <!-- vaildate title Test -->
