<?xml version="1.0" encoding="UTF-8"?>
<!-- Generated by org.testng.reporters.JUnitXMLReporter -->
<testsuite hostname="jkabir" name="Regression validate title Test" tests="3" failures="1" timestamp="4 Jun 2020 03:13:15 GMT" time="0.025" errors="0">
  <testcase name="validatetitle" time="0.001" classname="regressoin.Testcase2">
    <failure type="java.lang.AssertionError">
      <![CDATA[java.lang.AssertionError: 
	at regressoin.Testcase2.validatetitle(Testcase2.java:25)
... Removed 26 stack frames]]>
    </failure>
  </testcase> <!-- validatetitle -->
  <testcase name="douserReg" time="0.002" classname="regressoin.Testcase1"/>
  <testcase name="dologin" time="0.004" classname="regressoin.Testcase1"/>
</testsuite> <!-- Regression validate title Test -->
